Hello from thread 19
Hello from thread 4
Hello from thread 0
Hello from thread 27
Hello from thread 29
Hello from thread 28
Hello from thread 6
Hello from thread 24
Hello from thread 22
Hello from thread 20
Hello from thread 30
Hello from thread 21
Hello from thread 14
Hello from thread 17
Hello from thread 3
Hello from thread 13
Hello from thread 9
Hello from thread 15
Hello from thread 10
Hello from thread 8
Hello from thread 1
Hello from thread 12
Hello from thread 16
Hello from thread 31
Hello from thread 23
Hello from thread 2
Hello from thread 5
Hello from thread 26
Hello from thread 25
num threads 32
Hello from thread 11
Hello from thread 7
Hello from thread 18
CPU_PARALLEL 1042636272 attempts
00000094f3ed54941755f56fb8f410c6f923f22ee8bd84ae71269815862ec6b4
CPU_PARALLEL Block difficulty 6 solved in 89536.095316 ms
